0 info it worked if it ends with ok
1 verbose cli [ '/usr/local/bin/node', '/usr/local/bin/npm', 'start' ]
2 info using npm@3.10.10
3 info using node@v6.10.2
4 verbose run-script [ 'prestart', 'start', 'poststart' ]
5 info lifecycle node-express-seed-project@~prestart: node-express-seed-project@
6 silly lifecycle node-express-seed-project@~prestart: no script for prestart, continuing
7 info lifecycle node-express-seed-project@~start: node-express-seed-project@
8 verbose lifecycle node-express-seed-project@~start: unsafe-perm in lifecycle true
9 verbose lifecycle node-express-seed-project@~start: PATH: /usr/local/lib/node_modules/npm/bin/node-gyp-bin:/Projects/AngularJS/2/exam/git/node/node_modules/.bin:/usr/local/bin:/Applications/BB10 WebWorks SDK 2.2.0.15:/Applications/BB10 WebWorks SDK 2.2.0.15/cordova-blackberry/bin/dependencies/bb-tools/bin:/opt/local/bin:/opt/local/sbin:/opt/local/bin:/opt/local/sbin:/usr/local/mysql/bin:/Users/jay.mehta/CustomScript:/Projects/CustomScript:/Users/jay.mehta/.composer/vendor/bin:/usr/local/Cellar/tree/1.7.0/bin:/Users/jaym/CustomCommands:/Software/go/bin:/Applications/XAMPP/xamppfiles/bin/:/usr/local/mongodb/bin:/Software/android-sdk-macosx/tools/:/bin:/usr/local/bin:/usr/bin:/bin:/usr/sbin:/sbin:/opt/X11/bin
10 verbose lifecycle node-express-seed-project@~start: CWD: /Projects/AngularJS/2/exam/git/node
11 silly lifecycle node-express-seed-project@~start: Args: [ '-c', 'node server.js' ]
12 silly lifecycle node-express-seed-project@~start: Returned: code: 1  signal: null
13 info lifecycle node-express-seed-project@~start: Failed to exec start script
14 verbose stack Error: node-express-seed-project@ start: `node server.js`
14 verbose stack Exit status 1
14 verbose stack     at EventEmitter.<anonymous> (/usr/local/lib/node_modules/npm/lib/utils/lifecycle.js:255:16)
14 verbose stack     at emitTwo (events.js:106:13)
14 verbose stack     at EventEmitter.emit (events.js:191:7)
14 verbose stack     at ChildProcess.<anonymous> (/usr/local/lib/node_modules/npm/lib/utils/spawn.js:40:14)
14 verbose stack     at emitTwo (events.js:106:13)
14 verbose stack     at ChildProcess.emit (events.js:191:7)
14 verbose stack     at maybeClose (internal/child_process.js:886:16)
14 verbose stack     at Process.ChildProcess._handle.onexit (internal/child_process.js:226:5)
15 verbose pkgid node-express-seed-project@
16 verbose cwd /Projects/AngularJS/2/exam/git/node
17 error Darwin 16.4.0
18 error argv "/usr/local/bin/node" "/usr/local/bin/npm" "start"
19 error node v6.10.2
20 error npm  v3.10.10
21 error code ELIFECYCLE
22 error node-express-seed-project@ start: `node server.js`
22 error Exit status 1
23 error Failed at the node-express-seed-project@ start script 'node server.js'.
23 error Make sure you have the latest version of node.js and npm installed.
23 error If you do, this is most likely a problem with the node-express-seed-project package,
23 error not with npm itself.
23 error Tell the author that this fails on your system:
23 error     node server.js
23 error You can get information on how to open an issue for this project with:
23 error     npm bugs node-express-seed-project
23 error Or if that isn't available, you can get their info via:
23 error     npm owner ls node-express-seed-project
23 error There is likely additional logging output above.
24 verbose exit [ 1, true ]
